testing: [1,2,3,4]
	permutation: [1,2,3,4]
	permutation: [1,2,4,3]
	permutation: [1,3,2,4]
	permutation: [1,4,2,3]
	permutation: [1,3,4,2]
	permutation: [1,4,3,2]
	permutation: [2,1,3,4]
	permutation: [2,1,4,3]
	permutation: [3,1,2,4]
	permutation: [4,1,2,3]
	permutation: [3,1,4,2]
	permutation: [4,1,3,2]
	permutation: [2,3,1,4]
	permutation: [2,4,1,3]
	permutation: [3,2,1,4]
	permutation: [4,2,1,3]
	permutation: [3,4,1,2]
	permutation: [4,3,1,2]
	permutation: [2,3,4,1]
	permutation: [2,4,3,1]
	permutation: [3,2,4,1]
	permutation: [4,2,3,1]
	permutation: [3,4,2,1]
	permutation: [4,3,2,1]
actualPermutations:  24  expected number:  24
testing: [1,2,3,4,5]
	permutation: [1,2,3,4,5]
	permutation: [1,2,3,5,4]
	permutation: [1,2,4,3,5]
	permutation: [1,2,5,3,4]
	permutation: [1,2,4,5,3]
	permutation: [1,2,5,4,3]
	permutation: [1,3,2,4,5]
	permutation: [1,3,2,5,4]
	permutation: [1,4,2,3,5]
	permutation: [1,5,2,3,4]
	permutation: [1,4,2,5,3]
	permutation: [1,5,2,4,3]
	permutation: [1,3,4,2,5]
	permutation: [1,3,5,2,4]
	permutation: [1,4,3,2,5]
	permutation: [1,5,3,2,4]
	permutation: [1,4,5,2,3]
	permutation: [1,5,4,2,3]
	permutation: [1,3,4,5,2]
	permutation: [1,3,5,4,2]
	permutation: [1,4,3,5,2]
	permutation: [1,5,3,4,2]
	permutation: [1,4,5,3,2]
	permutation: [1,5,4,3,2]
	permutation: [2,1,3,4,5]
	permutation: [2,1,3,5,4]
	permutation: [2,1,4,3,5]
	permutation: [2,1,5,3,4]
	permutation: [2,1,4,5,3]
	permutation: [2,1,5,4,3]
	permutation: [3,1,2,4,5]
	permutation: [3,1,2,5,4]
	permutation: [4,1,2,3,5]
	permutation: [5,1,2,3,4]
	permutation: [4,1,2,5,3]
	permutation: [5,1,2,4,3]
	permutation: [3,1,4,2,5]
	permutation: [3,1,5,2,4]
	permutation: [4,1,3,2,5]
	permutation: [5,1,3,2,4]
	permutation: [4,1,5,2,3]
	permutation: [5,1,4,2,3]
	permutation: [3,1,4,5,2]
	permutation: [3,1,5,4,2]
	permutation: [4,1,3,5,2]
	permutation: [5,1,3,4,2]
	permutation: [4,1,5,3,2]
	permutation: [5,1,4,3,2]
	permutation: [2,3,1,4,5]
	permutation: [2,3,1,5,4]
	permutation: [2,4,1,3,5]
	permutation: [2,5,1,3,4]
	permutation: [2,4,1,5,3]
	permutation: [2,5,1,4,3]
	permutation: [3,2,1,4,5]
	permutation: [3,2,1,5,4]
	permutation: [4,2,1,3,5]
	permutation: [5,2,1,3,4]
	permutation: [4,2,1,5,3]
	permutation: [5,2,1,4,3]
	permutation: [3,4,1,2,5]
	permutation: [3,5,1,2,4]
	permutation: [4,3,1,2,5]
	permutation: [5,3,1,2,4]
	permutation: [4,5,1,2,3]
	permutation: [5,4,1,2,3]
	permutation: [3,4,1,5,2]
	permutation: [3,5,1,4,2]
	permutation: [4,3,1,5,2]
	permutation: [5,3,1,4,2]
	permutation: [4,5,1,3,2]
	permutation: [5,4,1,3,2]
	permutation: [2,3,4,1,5]
	permutation: [2,3,5,1,4]
	permutation: [2,4,3,1,5]
	permutation: [2,5,3,1,4]
	permutation: [2,4,5,1,3]
	permutation: [2,5,4,1,3]
	permutation: [3,2,4,1,5]
	permutation: [3,2,5,1,4]
	permutation: [4,2,3,1,5]
	permutation: [5,2,3,1,4]
	permutation: [4,2,5,1,3]
	permutation: [5,2,4,1,3]
	permutation: [3,4,2,1,5]
	permutation: [3,5,2,1,4]
	permutation: [4,3,2,1,5]
	permutation: [5,3,2,1,4]
	permutation: [4,5,2,1,3]
	permutation: [5,4,2,1,3]
	permutation: [3,4,5,1,2]
	permutation: [3,5,4,1,2]
	permutation: [4,3,5,1,2]
	permutation: [5,3,4,1,2]
	permutation: [4,5,3,1,2]
	permutation: [5,4,3,1,2]
	permutation: [2,3,4,5,1]
	permutation: [2,3,5,4,1]
	permutation: [2,4,3,5,1]
	permutation: [2,5,3,4,1]
	permutation: [2,4,5,3,1]
	permutation: [2,5,4,3,1]
	permutation: [3,2,4,5,1]
	permutation: [3,2,5,4,1]
	permutation: [4,2,3,5,1]
	permutation: [5,2,3,4,1]
	permutation: [4,2,5,3,1]
	permutation: [5,2,4,3,1]
	permutation: [3,4,2,5,1]
	permutation: [3,5,2,4,1]
	permutation: [4,3,2,5,1]
	permutation: [5,3,2,4,1]
	permutation: [4,5,2,3,1]
	permutation: [5,4,2,3,1]
	permutation: [3,4,5,2,1]
	permutation: [3,5,4,2,1]
	permutation: [4,3,5,2,1]
	permutation: [5,3,4,2,1]
	permutation: [4,5,3,2,1]
	permutation: [5,4,3,2,1]
actualPermutations:  120  expected number:  120
testing: [1,2,3,4,5,6]
	permutation: [1,2,3,4,5,6]
	permutation: [1,2,3,4,6,5]
	permutation: [1,2,3,5,4,6]
	permutation: [1,2,3,6,4,5]
	permutation: [1,2,3,5,6,4]
	permutation: [1,2,3,6,5,4]
	permutation: [1,2,4,3,5,6]
	permutation: [1,2,4,3,6,5]
	permutation: [1,2,5,3,4,6]
	permutation: [1,2,6,3,4,5]
	permutation: [1,2,5,3,6,4]
	permutation: [1,2,6,3,5,4]
	permutation: [1,2,4,5,3,6]
	permutation: [1,2,4,6,3,5]
	permutation: [1,2,5,4,3,6]
	permutation: [1,2,6,4,3,5]
	permutation: [1,2,5,6,3,4]
	permutation: [1,2,6,5,3,4]
	permutation: [1,2,4,5,6,3]
	permutation: [1,2,4,6,5,3]
	permutation: [1,2,5,4,6,3]
	permutation: [1,2,6,4,5,3]
	permutation: [1,2,5,6,4,3]
	permutation: [1,2,6,5,4,3]
	permutation: [1,3,2,4,5,6]
	permutation: [1,3,2,4,6,5]
	permutation: [1,3,2,5,4,6]
	permutation: [1,3,2,6,4,5]
	permutation: [1,3,2,5,6,4]
	permutation: [1,3,2,6,5,4]
	permutation: [1,4,2,3,5,6]
	permutation: [1,4,2,3,6,5]
	permutation: [1,5,2,3,4,6]
	permutation: [1,6,2,3,4,5]
	permutation: [1,5,2,3,6,4]
	permutation: [1,6,2,3,5,4]
	permutation: [1,4,2,5,3,6]
	permutation: [1,4,2,6,3,5]
	permutation: [1,5,2,4,3,6]
	permutation: [1,6,2,4,3,5]
	permutation: [1,5,2,6,3,4]
	permutation: [1,6,2,5,3,4]
	permutation: [1,4,2,5,6,3]
	permutation: [1,4,2,6,5,3]
	permutation: [1,5,2,4,6,3]
	permutation: [1,6,2,4,5,3]
	permutation: [1,5,2,6,4,3]
	permutation: [1,6,2,5,4,3]
	permutation: [1,3,4,2,5,6]
	permutation: [1,3,4,2,6,5]
	permutation: [1,3,5,2,4,6]
	permutation: [1,3,6,2,4,5]
	permutation: [1,3,5,2,6,4]
	permutation: [1,3,6,2,5,4]
	permutation: [1,4,3,2,5,6]
	permutation: [1,4,3,2,6,5]
	permutation: [1,5,3,2,4,6]
	permutation: [1,6,3,2,4,5]
	permutation: [1,5,3,2,6,4]
	permutation: [1,6,3,2,5,4]
	permutation: [1,4,5,2,3,6]
	permutation: [1,4,6,2,3,5]
	permutation: [1,5,4,2,3,6]
	permutation: [1,6,4,2,3,5]
	permutation: [1,5,6,2,3,4]
	permutation: [1,6,5,2,3,4]
	permutation: [1,4,5,2,6,3]
	permutation: [1,4,6,2,5,3]
	permutation: [1,5,4,2,6,3]
	permutation: [1,6,4,2,5,3]
	permutation: [1,5,6,2,4,3]
	permutation: [1,6,5,2,4,3]
	permutation: [1,3,4,5,2,6]
	permutation: [1,3,4,6,2,5]
	permutation: [1,3,5,4,2,6]
	permutation: [1,3,6,4,2,5]
	permutation: [1,3,5,6,2,4]
	permutation: [1,3,6,5,2,4]
	permutation: [1,4,3,5,2,6]
	permutation: [1,4,3,6,2,5]
	permutation: [1,5,3,4,2,6]
	permutation: [1,6,3,4,2,5]
	permutation: [1,5,3,6,2,4]
	permutation: [1,6,3,5,2,4]
	permutation: [1,4,5,3,2,6]
	permutation: [1,4,6,3,2,5]
	permutation: [1,5,4,3,2,6]
	permutation: [1,6,4,3,2,5]
	permutation: [1,5,6,3,2,4]
	permutation: [1,6,5,3,2,4]
	permutation: [1,4,5,6,2,3]
	permutation: [1,4,6,5,2,3]
	permutation: [1,5,4,6,2,3]
	permutation: [1,6,4,5,2,3]
	permutation: [1,5,6,4,2,3]
	permutation: [1,6,5,4,2,3]
	permutation: [1,3,4,5,6,2]
	permutation: [1,3,4,6,5,2]
	permutation: [1,3,5,4,6,2]
	permutation: [1,3,6,4,5,2]
	permutation: [1,3,5,6,4,2]
	permutation: [1,3,6,5,4,2]
	permutation: [1,4,3,5,6,2]
	permutation: [1,4,3,6,5,2]
	permutation: [1,5,3,4,6,2]
	permutation: [1,6,3,4,5,2]
	permutation: [1,5,3,6,4,2]
	permutation: [1,6,3,5,4,2]
	permutation: [1,4,5,3,6,2]
	permutation: [1,4,6,3,5,2]
	permutation: [1,5,4,3,6,2]
	permutation: [1,6,4,3,5,2]
	permutation: [1,5,6,3,4,2]
	permutation: [1,6,5,3,4,2]
	permutation: [1,4,5,6,3,2]
	permutation: [1,4,6,5,3,2]
	permutation: [1,5,4,6,3,2]
	permutation: [1,6,4,5,3,2]
	permutation: [1,5,6,4,3,2]
	permutation: [1,6,5,4,3,2]
	permutation: [2,1,3,4,5,6]
	permutation: [2,1,3,4,6,5]
	permutation: [2,1,3,5,4,6]
	permutation: [2,1,3,6,4,5]
	permutation: [2,1,3,5,6,4]
	permutation: [2,1,3,6,5,4]
	permutation: [2,1,4,3,5,6]
	permutation: [2,1,4,3,6,5]
	permutation: [2,1,5,3,4,6]
	permutation: [2,1,6,3,4,5]
	permutation: [2,1,5,3,6,4]
	permutation: [2,1,6,3,5,4]
	permutation: [2,1,4,5,3,6]
	permutation: [2,1,4,6,3,5]
	permutation: [2,1,5,4,3,6]
	permutation: [2,1,6,4,3,5]
	permutation: [2,1,5,6,3,4]
	permutation: [2,1,6,5,3,4]
	permutation: [2,1,4,5,6,3]
	permutation: [2,1,4,6,5,3]
	permutation: [2,1,5,4,6,3]
	permutation: [2,1,6,4,5,3]
	permutation: [2,1,5,6,4,3]
	permutation: [2,1,6,5,4,3]
	permutation: [3,1,2,4,5,6]
	permutation: [3,1,2,4,6,5]
	permutation: [3,1,2,5,4,6]
	permutation: [3,1,2,6,4,5]
	permutation: [3,1,2,5,6,4]
	permutation: [3,1,2,6,5,4]
	permutation: [4,1,2,3,5,6]
	permutation: [4,1,2,3,6,5]
	permutation: [5,1,2,3,4,6]
	permutation: [6,1,2,3,4,5]
	permutation: [5,1,2,3,6,4]
	permutation: [6,1,2,3,5,4]
	permutation: [4,1,2,5,3,6]
	permutation: [4,1,2,6,3,5]
	permutation: [5,1,2,4,3,6]
	permutation: [6,1,2,4,3,5]
	permutation: [5,1,2,6,3,4]
	permutation: [6,1,2,5,3,4]
	permutation: [4,1,2,5,6,3]
	permutation: [4,1,2,6,5,3]
	permutation: [5,1,2,4,6,3]
	permutation: [6,1,2,4,5,3]
	permutation: [5,1,2,6,4,3]
	permutation: [6,1,2,5,4,3]
	permutation: [3,1,4,2,5,6]
	permutation: [3,1,4,2,6,5]
	permutation: [3,1,5,2,4,6]
	permutation: [3,1,6,2,4,5]
	permutation: [3,1,5,2,6,4]
	permutation: [3,1,6,2,5,4]
	permutation: [4,1,3,2,5,6]
	permutation: [4,1,3,2,6,5]
	permutation: [5,1,3,2,4,6]
	permutation: [6,1,3,2,4,5]
	permutation: [5,1,3,2,6,4]
	permutation: [6,1,3,2,5,4]
	permutation: [4,1,5,2,3,6]
	permutation: [4,1,6,2,3,5]
	permutation: [5,1,4,2,3,6]
	permutation: [6,1,4,2,3,5]
	permutation: [5,1,6,2,3,4]
	permutation: [6,1,5,2,3,4]
	permutation: [4,1,5,2,6,3]
	permutation: [4,1,6,2,5,3]
	permutation: [5,1,4,2,6,3]
	permutation: [6,1,4,2,5,3]
	permutation: [5,1,6,2,4,3]
	permutation: [6,1,5,2,4,3]
	permutation: [3,1,4,5,2,6]
	permutation: [3,1,4,6,2,5]
	permutation: [3,1,5,4,2,6]
	permutation: [3,1,6,4,2,5]
	permutation: [3,1,5,6,2,4]
	permutation: [3,1,6,5,2,4]
	permutation: [4,1,3,5,2,6]
	permutation: [4,1,3,6,2,5]
	permutation: [5,1,3,4,2,6]
	permutation: [6,1,3,4,2,5]
	permutation: [5,1,3,6,2,4]
	permutation: [6,1,3,5,2,4]
	permutation: [4,1,5,3,2,6]
	permutation: [4,1,6,3,2,5]
	permutation: [5,1,4,3,2,6]
	permutation: [6,1,4,3,2,5]
	permutation: [5,1,6,3,2,4]
	permutation: [6,1,5,3,2,4]
	permutation: [4,1,5,6,2,3]
	permutation: [4,1,6,5,2,3]
	permutation: [5,1,4,6,2,3]
	permutation: [6,1,4,5,2,3]
	permutation: [5,1,6,4,2,3]
	permutation: [6,1,5,4,2,3]
	permutation: [3,1,4,5,6,2]
	permutation: [3,1,4,6,5,2]
	permutation: [3,1,5,4,6,2]
	permutation: [3,1,6,4,5,2]
	permutation: [3,1,5,6,4,2]
	permutation: [3,1,6,5,4,2]
	permutation: [4,1,3,5,6,2]
	permutation: [4,1,3,6,5,2]
	permutation: [5,1,3,4,6,2]
	permutation: [6,1,3,4,5,2]
	permutation: [5,1,3,6,4,2]
	permutation: [6,1,3,5,4,2]
	permutation: [4,1,5,3,6,2]
	permutation: [4,1,6,3,5,2]
	permutation: [5,1,4,3,6,2]
	permutation: [6,1,4,3,5,2]
	permutation: [5,1,6,3,4,2]
	permutation: [6,1,5,3,4,2]
	permutation: [4,1,5,6,3,2]
	permutation: [4,1,6,5,3,2]
	permutation: [5,1,4,6,3,2]
	permutation: [6,1,4,5,3,2]
	permutation: [5,1,6,4,3,2]
	permutation: [6,1,5,4,3,2]
	permutation: [2,3,1,4,5,6]
	permutation: [2,3,1,4,6,5]
	permutation: [2,3,1,5,4,6]
	permutation: [2,3,1,6,4,5]
	permutation: [2,3,1,5,6,4]
	permutation: [2,3,1,6,5,4]
	permutation: [2,4,1,3,5,6]
	permutation: [2,4,1,3,6,5]
	permutation: [2,5,1,3,4,6]
	permutation: [2,6,1,3,4,5]
	permutation: [2,5,1,3,6,4]
	permutation: [2,6,1,3,5,4]
	permutation: [2,4,1,5,3,6]
	permutation: [2,4,1,6,3,5]
	permutation: [2,5,1,4,3,6]
	permutation: [2,6,1,4,3,5]
	permutation: [2,5,1,6,3,4]
	permutation: [2,6,1,5,3,4]
	permutation: [2,4,1,5,6,3]
	permutation: [2,4,1,6,5,3]
	permutation: [2,5,1,4,6,3]
	permutation: [2,6,1,4,5,3]
	permutation: [2,5,1,6,4,3]
	permutation: [2,6,1,5,4,3]
	permutation: [3,2,1,4,5,6]
	permutation: [3,2,1,4,6,5]
	permutation: [3,2,1,5,4,6]
	permutation: [3,2,1,6,4,5]
	permutation: [3,2,1,5,6,4]
	permutation: [3,2,1,6,5,4]
	permutation: [4,2,1,3,5,6]
	permutation: [4,2,1,3,6,5]
	permutation: [5,2,1,3,4,6]
	permutation: [6,2,1,3,4,5]
	permutation: [5,2,1,3,6,4]
	permutation: [6,2,1,3,5,4]
	permutation: [4,2,1,5,3,6]
	permutation: [4,2,1,6,3,5]
	permutation: [5,2,1,4,3,6]
	permutation: [6,2,1,4,3,5]
	permutation: [5,2,1,6,3,4]
	permutation: [6,2,1,5,3,4]
	permutation: [4,2,1,5,6,3]
	permutation: [4,2,1,6,5,3]
	permutation: [5,2,1,4,6,3]
	permutation: [6,2,1,4,5,3]
	permutation: [5,2,1,6,4,3]
	permutation: [6,2,1,5,4,3]
	permutation: [3,4,1,2,5,6]
	permutation: [3,4,1,2,6,5]
	permutation: [3,5,1,2,4,6]
	permutation: [3,6,1,2,4,5]
	permutation: [3,5,1,2,6,4]
	permutation: [3,6,1,2,5,4]
	permutation: [4,3,1,2,5,6]
	permutation: [4,3,1,2,6,5]
	permutation: [5,3,1,2,4,6]
	permutation: [6,3,1,2,4,5]
	permutation: [5,3,1,2,6,4]
	permutation: [6,3,1,2,5,4]
	permutation: [4,5,1,2,3,6]
	permutation: [4,6,1,2,3,5]
	permutation: [5,4,1,2,3,6]
	permutation: [6,4,1,2,3,5]
	permutation: [5,6,1,2,3,4]
	permutation: [6,5,1,2,3,4]
	permutation: [4,5,1,2,6,3]
	permutation: [4,6,1,2,5,3]
	permutation: [5,4,1,2,6,3]
	permutation: [6,4,1,2,5,3]
	permutation: [5,6,1,2,4,3]
	permutation: [6,5,1,2,4,3]
	permutation: [3,4,1,5,2,6]
	permutation: [3,4,1,6,2,5]
	permutation: [3,5,1,4,2,6]
	permutation: [3,6,1,4,2,5]
	permutation: [3,5,1,6,2,4]
	permutation: [3,6,1,5,2,4]
	permutation: [4,3,1,5,2,6]
	permutation: [4,3,1,6,2,5]
	permutation: [5,3,1,4,2,6]
	permutation: [6,3,1,4,2,5]
	permutation: [5,3,1,6,2,4]
	permutation: [6,3,1,5,2,4]
	permutation: [4,5,1,3,2,6]
	permutation: [4,6,1,3,2,5]
	permutation: [5,4,1,3,2,6]
	permutation: [6,4,1,3,2,5]
	permutation: [5,6,1,3,2,4]
	permutation: [6,5,1,3,2,4]
	permutation: [4,5,1,6,2,3]
	permutation: [4,6,1,5,2,3]
	permutation: [5,4,1,6,2,3]
	permutation: [6,4,1,5,2,3]
	permutation: [5,6,1,4,2,3]
	permutation: [6,5,1,4,2,3]
	permutation: [3,4,1,5,6,2]
	permutation: [3,4,1,6,5,2]
	permutation: [3,5,1,4,6,2]
	permutation: [3,6,1,4,5,2]
	permutation: [3,5,1,6,4,2]
	permutation: [3,6,1,5,4,2]
	permutation: [4,3,1,5,6,2]
	permutation: [4,3,1,6,5,2]
	permutation: [5,3,1,4,6,2]
	permutation: [6,3,1,4,5,2]
	permutation: [5,3,1,6,4,2]
	permutation: [6,3,1,5,4,2]
	permutation: [4,5,1,3,6,2]
	permutation: [4,6,1,3,5,2]
	permutation: [5,4,1,3,6,2]
	permutation: [6,4,1,3,5,2]
	permutation: [5,6,1,3,4,2]
	permutation: [6,5,1,3,4,2]
	permutation: [4,5,1,6,3,2]
	permutation: [4,6,1,5,3,2]
	permutation: [5,4,1,6,3,2]
	permutation: [6,4,1,5,3,2]
	permutation: [5,6,1,4,3,2]
	permutation: [6,5,1,4,3,2]
	permutation: [2,3,4,1,5,6]
	permutation: [2,3,4,1,6,5]
	permutation: [2,3,5,1,4,6]
	permutation: [2,3,6,1,4,5]
	permutation: [2,3,5,1,6,4]
	permutation: [2,3,6,1,5,4]
	permutation: [2,4,3,1,5,6]
	permutation: [2,4,3,1,6,5]
	permutation: [2,5,3,1,4,6]
	permutation: [2,6,3,1,4,5]
	permutation: [2,5,3,1,6,4]
	permutation: [2,6,3,1,5,4]
	permutation: [2,4,5,1,3,6]
	permutation: [2,4,6,1,3,5]
	permutation: [2,5,4,1,3,6]
	permutation: [2,6,4,1,3,5]
	permutation: [2,5,6,1,3,4]
	permutation: [2,6,5,1,3,4]
	permutation: [2,4,5,1,6,3]
	permutation: [2,4,6,1,5,3]
	permutation: [2,5,4,1,6,3]
	permutation: [2,6,4,1,5,3]
	permutation: [2,5,6,1,4,3]
	permutation: [2,6,5,1,4,3]
	permutation: [3,2,4,1,5,6]
	permutation: [3,2,4,1,6,5]
	permutation: [3,2,5,1,4,6]
	permutation: [3,2,6,1,4,5]
	permutation: [3,2,5,1,6,4]
	permutation: [3,2,6,1,5,4]
	permutation: [4,2,3,1,5,6]
	permutation: [4,2,3,1,6,5]
	permutation: [5,2,3,1,4,6]
	permutation: [6,2,3,1,4,5]
	permutation: [5,2,3,1,6,4]
	permutation: [6,2,3,1,5,4]
	permutation: [4,2,5,1,3,6]
	permutation: [4,2,6,1,3,5]
	permutation: [5,2,4,1,3,6]
	permutation: [6,2,4,1,3,5]
	permutation: [5,2,6,1,3,4]
	permutation: [6,2,5,1,3,4]
	permutation: [4,2,5,1,6,3]
	permutation: [4,2,6,1,5,3]
	permutation: [5,2,4,1,6,3]
	permutation: [6,2,4,1,5,3]
	permutation: [5,2,6,1,4,3]
	permutation: [6,2,5,1,4,3]
	permutation: [3,4,2,1,5,6]
	permutation: [3,4,2,1,6,5]
	permutation: [3,5,2,1,4,6]
	permutation: [3,6,2,1,4,5]
	permutation: [3,5,2,1,6,4]
	permutation: [3,6,2,1,5,4]
	permutation: [4,3,2,1,5,6]
	permutation: [4,3,2,1,6,5]
	permutation: [5,3,2,1,4,6]
	permutation: [6,3,2,1,4,5]
	permutation: [5,3,2,1,6,4]
	permutation: [6,3,2,1,5,4]
	permutation: [4,5,2,1,3,6]
	permutation: [4,6,2,1,3,5]
	permutation: [5,4,2,1,3,6]
	permutation: [6,4,2,1,3,5]
	permutation: [5,6,2,1,3,4]
	permutation: [6,5,2,1,3,4]
	permutation: [4,5,2,1,6,3]
	permutation: [4,6,2,1,5,3]
	permutation: [5,4,2,1,6,3]
	permutation: [6,4,2,1,5,3]
	permutation: [5,6,2,1,4,3]
	permutation: [6,5,2,1,4,3]
	permutation: [3,4,5,1,2,6]
	permutation: [3,4,6,1,2,5]
	permutation: [3,5,4,1,2,6]
	permutation: [3,6,4,1,2,5]
	permutation: [3,5,6,1,2,4]
	permutation: [3,6,5,1,2,4]
	permutation: [4,3,5,1,2,6]
	permutation: [4,3,6,1,2,5]
	permutation: [5,3,4,1,2,6]
	permutation: [6,3,4,1,2,5]
	permutation: [5,3,6,1,2,4]
	permutation: [6,3,5,1,2,4]
	permutation: [4,5,3,1,2,6]
	permutation: [4,6,3,1,2,5]
	permutation: [5,4,3,1,2,6]
	permutation: [6,4,3,1,2,5]
	permutation: [5,6,3,1,2,4]
	permutation: [6,5,3,1,2,4]
	permutation: [4,5,6,1,2,3]
	permutation: [4,6,5,1,2,3]
	permutation: [5,4,6,1,2,3]
	permutation: [6,4,5,1,2,3]
	permutation: [5,6,4,1,2,3]
	permutation: [6,5,4,1,2,3]
	permutation: [3,4,5,1,6,2]
	permutation: [3,4,6,1,5,2]
	permutation: [3,5,4,1,6,2]
	permutation: [3,6,4,1,5,2]
	permutation: [3,5,6,1,4,2]
	permutation: [3,6,5,1,4,2]
	permutation: [4,3,5,1,6,2]
	permutation: [4,3,6,1,5,2]
	permutation: [5,3,4,1,6,2]
	permutation: [6,3,4,1,5,2]
	permutation: [5,3,6,1,4,2]
	permutation: [6,3,5,1,4,2]
	permutation: [4,5,3,1,6,2]
	permutation: [4,6,3,1,5,2]
	permutation: [5,4,3,1,6,2]
	permutation: [6,4,3,1,5,2]
	permutation: [5,6,3,1,4,2]
	permutation: [6,5,3,1,4,2]
	permutation: [4,5,6,1,3,2]
	permutation: [4,6,5,1,3,2]
	permutation: [5,4,6,1,3,2]
	permutation: [6,4,5,1,3,2]
	permutation: [5,6,4,1,3,2]
	permutation: [6,5,4,1,3,2]
	permutation: [2,3,4,5,1,6]
	permutation: [2,3,4,6,1,5]
	permutation: [2,3,5,4,1,6]
	permutation: [2,3,6,4,1,5]
	permutation: [2,3,5,6,1,4]
	permutation: [2,3,6,5,1,4]
	permutation: [2,4,3,5,1,6]
	permutation: [2,4,3,6,1,5]
	permutation: [2,5,3,4,1,6]
	permutation: [2,6,3,4,1,5]
	permutation: [2,5,3,6,1,4]
	permutation: [2,6,3,5,1,4]
	permutation: [2,4,5,3,1,6]
	permutation: [2,4,6,3,1,5]
	permutation: [2,5,4,3,1,6]
	permutation: [2,6,4,3,1,5]
	permutation: [2,5,6,3,1,4]
	permutation: [2,6,5,3,1,4]
	permutation: [2,4,5,6,1,3]
	permutation: [2,4,6,5,1,3]
	permutation: [2,5,4,6,1,3]
	permutation: [2,6,4,5,1,3]
	permutation: [2,5,6,4,1,3]
	permutation: [2,6,5,4,1,3]
	permutation: [3,2,4,5,1,6]
	permutation: [3,2,4,6,1,5]
	permutation: [3,2,5,4,1,6]
	permutation: [3,2,6,4,1,5]
	permutation: [3,2,5,6,1,4]
	permutation: [3,2,6,5,1,4]
	permutation: [4,2,3,5,1,6]
	permutation: [4,2,3,6,1,5]
	permutation: [5,2,3,4,1,6]
	permutation: [6,2,3,4,1,5]
	permutation: [5,2,3,6,1,4]
	permutation: [6,2,3,5,1,4]
	permutation: [4,2,5,3,1,6]
	permutation: [4,2,6,3,1,5]
	permutation: [5,2,4,3,1,6]
	permutation: [6,2,4,3,1,5]
	permutation: [5,2,6,3,1,4]
	permutation: [6,2,5,3,1,4]
	permutation: [4,2,5,6,1,3]
	permutation: [4,2,6,5,1,3]
	permutation: [5,2,4,6,1,3]
	permutation: [6,2,4,5,1,3]
	permutation: [5,2,6,4,1,3]
	permutation: [6,2,5,4,1,3]
	permutation: [3,4,2,5,1,6]
	permutation: [3,4,2,6,1,5]
	permutation: [3,5,2,4,1,6]
	permutation: [3,6,2,4,1,5]
	permutation: [3,5,2,6,1,4]
	permutation: [3,6,2,5,1,4]
	permutation: [4,3,2,5,1,6]
	permutation: [4,3,2,6,1,5]
	permutation: [5,3,2,4,1,6]
	permutation: [6,3,2,4,1,5]
	permutation: [5,3,2,6,1,4]
	permutation: [6,3,2,5,1,4]
	permutation: [4,5,2,3,1,6]
	permutation: [4,6,2,3,1,5]
	permutation: [5,4,2,3,1,6]
	permutation: [6,4,2,3,1,5]
	permutation: [5,6,2,3,1,4]
	permutation: [6,5,2,3,1,4]
	permutation: [4,5,2,6,1,3]
	permutation: [4,6,2,5,1,3]
	permutation: [5,4,2,6,1,3]
	permutation: [6,4,2,5,1,3]
	permutation: [5,6,2,4,1,3]
	permutation: [6,5,2,4,1,3]
	permutation: [3,4,5,2,1,6]
	permutation: [3,4,6,2,1,5]
	permutation: [3,5,4,2,1,6]
	permutation: [3,6,4,2,1,5]
	permutation: [3,5,6,2,1,4]
	permutation: [3,6,5,2,1,4]
	permutation: [4,3,5,2,1,6]
	permutation: [4,3,6,2,1,5]
	permutation: [5,3,4,2,1,6]
	permutation: [6,3,4,2,1,5]
	permutation: [5,3,6,2,1,4]
	permutation: [6,3,5,2,1,4]
	permutation: [4,5,3,2,1,6]
	permutation: [4,6,3,2,1,5]
	permutation: [5,4,3,2,1,6]
	permutation: [6,4,3,2,1,5]
	permutation: [5,6,3,2,1,4]
	permutation: [6,5,3,2,1,4]
	permutation: [4,5,6,2,1,3]
	permutation: [4,6,5,2,1,3]
	permutation: [5,4,6,2,1,3]
	permutation: [6,4,5,2,1,3]
	permutation: [5,6,4,2,1,3]
	permutation: [6,5,4,2,1,3]
	permutation: [3,4,5,6,1,2]
	permutation: [3,4,6,5,1,2]
	permutation: [3,5,4,6,1,2]
	permutation: [3,6,4,5,1,2]
	permutation: [3,5,6,4,1,2]
	permutation: [3,6,5,4,1,2]
	permutation: [4,3,5,6,1,2]
	permutation: [4,3,6,5,1,2]
	permutation: [5,3,4,6,1,2]
	permutation: [6,3,4,5,1,2]
	permutation: [5,3,6,4,1,2]
	permutation: [6,3,5,4,1,2]
	permutation: [4,5,3,6,1,2]
	permutation: [4,6,3,5,1,2]
	permutation: [5,4,3,6,1,2]
	permutation: [6,4,3,5,1,2]
	permutation: [5,6,3,4,1,2]
	permutation: [6,5,3,4,1,2]
	permutation: [4,5,6,3,1,2]
	permutation: [4,6,5,3,1,2]
	permutation: [5,4,6,3,1,2]
	permutation: [6,4,5,3,1,2]
	permutation: [5,6,4,3,1,2]
	permutation: [6,5,4,3,1,2]
	permutation: [2,3,4,5,6,1]
	permutation: [2,3,4,6,5,1]
	permutation: [2,3,5,4,6,1]
	permutation: [2,3,6,4,5,1]
	permutation: [2,3,5,6,4,1]
	permutation: [2,3,6,5,4,1]
	permutation: [2,4,3,5,6,1]
	permutation: [2,4,3,6,5,1]
	permutation: [2,5,3,4,6,1]
	permutation: [2,6,3,4,5,1]
	permutation: [2,5,3,6,4,1]
	permutation: [2,6,3,5,4,1]
	permutation: [2,4,5,3,6,1]
	permutation: [2,4,6,3,5,1]
	permutation: [2,5,4,3,6,1]
	permutation: [2,6,4,3,5,1]
	permutation: [2,5,6,3,4,1]
	permutation: [2,6,5,3,4,1]
	permutation: [2,4,5,6,3,1]
	permutation: [2,4,6,5,3,1]
	permutation: [2,5,4,6,3,1]
	permutation: [2,6,4,5,3,1]
	permutation: [2,5,6,4,3,1]
	permutation: [2,6,5,4,3,1]
	permutation: [3,2,4,5,6,1]
	permutation: [3,2,4,6,5,1]
	permutation: [3,2,5,4,6,1]
	permutation: [3,2,6,4,5,1]
	permutation: [3,2,5,6,4,1]
	permutation: [3,2,6,5,4,1]
	permutation: [4,2,3,5,6,1]
	permutation: [4,2,3,6,5,1]
	permutation: [5,2,3,4,6,1]
	permutation: [6,2,3,4,5,1]
	permutation: [5,2,3,6,4,1]
	permutation: [6,2,3,5,4,1]
	permutation: [4,2,5,3,6,1]
	permutation: [4,2,6,3,5,1]
	permutation: [5,2,4,3,6,1]
	permutation: [6,2,4,3,5,1]
	permutation: [5,2,6,3,4,1]
	permutation: [6,2,5,3,4,1]
	permutation: [4,2,5,6,3,1]
	permutation: [4,2,6,5,3,1]
	permutation: [5,2,4,6,3,1]
	permutation: [6,2,4,5,3,1]
	permutation: [5,2,6,4,3,1]
	permutation: [6,2,5,4,3,1]
	permutation: [3,4,2,5,6,1]
	permutation: [3,4,2,6,5,1]
	permutation: [3,5,2,4,6,1]
	permutation: [3,6,2,4,5,1]
	permutation: [3,5,2,6,4,1]
	permutation: [3,6,2,5,4,1]
	permutation: [4,3,2,5,6,1]
	permutation: [4,3,2,6,5,1]
	permutation: [5,3,2,4,6,1]
	permutation: [6,3,2,4,5,1]
	permutation: [5,3,2,6,4,1]
	permutation: [6,3,2,5,4,1]
	permutation: [4,5,2,3,6,1]
	permutation: [4,6,2,3,5,1]
	permutation: [5,4,2,3,6,1]
	permutation: [6,4,2,3,5,1]
	permutation: [5,6,2,3,4,1]
	permutation: [6,5,2,3,4,1]
	permutation: [4,5,2,6,3,1]
	permutation: [4,6,2,5,3,1]
	permutation: [5,4,2,6,3,1]
	permutation: [6,4,2,5,3,1]
	permutation: [5,6,2,4,3,1]
	permutation: [6,5,2,4,3,1]
	permutation: [3,4,5,2,6,1]
	permutation: [3,4,6,2,5,1]
	permutation: [3,5,4,2,6,1]
	permutation: [3,6,4,2,5,1]
	permutation: [3,5,6,2,4,1]
	permutation: [3,6,5,2,4,1]
	permutation: [4,3,5,2,6,1]
	permutation: [4,3,6,2,5,1]
	permutation: [5,3,4,2,6,1]
	permutation: [6,3,4,2,5,1]
	permutation: [5,3,6,2,4,1]
	permutation: [6,3,5,2,4,1]
	permutation: [4,5,3,2,6,1]
	permutation: [4,6,3,2,5,1]
	permutation: [5,4,3,2,6,1]
	permutation: [6,4,3,2,5,1]
	permutation: [5,6,3,2,4,1]
	permutation: [6,5,3,2,4,1]
	permutation: [4,5,6,2,3,1]
	permutation: [4,6,5,2,3,1]
	permutation: [5,4,6,2,3,1]
	permutation: [6,4,5,2,3,1]
	permutation: [5,6,4,2,3,1]
	permutation: [6,5,4,2,3,1]
	permutation: [3,4,5,6,2,1]
	permutation: [3,4,6,5,2,1]
	permutation: [3,5,4,6,2,1]
	permutation: [3,6,4,5,2,1]
	permutation: [3,5,6,4,2,1]
	permutation: [3,6,5,4,2,1]
	permutation: [4,3,5,6,2,1]
	permutation: [4,3,6,5,2,1]
	permutation: [5,3,4,6,2,1]
	permutation: [6,3,4,5,2,1]
	permutation: [5,3,6,4,2,1]
	permutation: [6,3,5,4,2,1]
	permutation: [4,5,3,6,2,1]
	permutation: [4,6,3,5,2,1]
	permutation: [5,4,3,6,2,1]
	permutation: [6,4,3,5,2,1]
	permutation: [5,6,3,4,2,1]
	permutation: [6,5,3,4,2,1]
	permutation: [4,5,6,3,2,1]
	permutation: [4,6,5,3,2,1]
	permutation: [5,4,6,3,2,1]
	permutation: [6,4,5,3,2,1]
	permutation: [5,6,4,3,2,1]
	permutation: [6,5,4,3,2,1]
actualPermutations:  720  expected number:  720
