x-range, from: -200 to: 200 step: 5
y-range, from: 0 to:  3222025
                                                                                |
                                                                              **|
                                                                             *  |
                                                                           **   |
                                                                          *     |
                                                                        **      |
                                                                      **        |
                                                                     *          |
                                                                   **           |
                                                                 **             |
                                                               **               |
                                                             **                 |
                                                           **                   |
                                                         **                     |
                                                      ***                       |
                                                    **                          |
                                                  **                            |
                                               ***                              |
                                            ***                                 |
                                         ***                                    |
                                     ****                                       |
                                 ****                                           |
                             ****                                               |
                       ******                                                   |
________________________________________________________________________________
x-range, from: -40 to: 40 step: 1
y-range, from: -62479 to:  60919
                                                                               *|
                                                                              * |
                                                                             *  |
                                                                            *   |
                                                                          **    |
                                                                         *      |
                                                                       **       |
                                                                     **         |
                                                                   **           |
                                                                 **             |
                                                             ****               |
                                                        *****                   |
                               *************************                        |
                      *********                                                 |
                  ****                                                          |
               ***                                                              |
            ***                                                                 |
          **                                                                    |
         *                                                                      |
       **                                                                       |
     **                                                                         |
    *                                                                           |
   *                                                                            |
  *                                                                             |
________________________________________________________________________________
